# JRE version: OpenJDK Runtime Environment (17.0.6) (build 17.0.6+0-b2043.56-10027231)
# Java VM: OpenJDK 64-Bit Server VM (17.0.6+0-b2043.56-10027231, mixed mode, tiered, compressed oops, compressed class ptrs, g1 gc, windows-amd64)
GC Precious Log:
 CPUs: 8 total, 8 available
 Memory: 7103M
 Large Page Support: Disabled
 NUMA Support: Disabled
 Compressed Oops: Enabled (32-bit)
 Heap Region Size: 1M
 Heap Min Capacity: 8M
 Heap Initial Capacity: 112M
 Heap Max Capacity: 2G
 Pre-touch: Disabled
 Parallel Workers: 8
 Concurrent Workers: 2
 Concurrent Refinement Workers: 8
 Periodic GC: Disabled
Heap:
 garbage-first heap   total 207872K, used 141610K [0x0000000080000000, 0x0000000100000000)
  region size 1024K, 30 young (30720K), 6 survivors (6144K)
 Metaspace       used 108665K, committed 109312K, reserved 1146880K
  class space    used 13998K, committed 14272K, reserved 1048576K
GC Heap History (20 events):
Event: 18.439 GC heap before
{Heap before GC invocations=26 (full 0):
 garbage-first heap   total 146432K, used 127106K [0x0000000080000000, 0x0000000100000000)
  region size 1024K, 47 young (48128K), 4 survivors (4096K)
 Metaspace       used 69388K, committed 70016K, reserved 1114112K
  class space    used 9548K, committed 9792K, reserved 1048576K
}
Event: 18.456 GC heap after
{Heap after GC invocations=27 (full 0):
 garbage-first heap   total 146432K, used 86459K [0x0000000080000000, 0x0000000100000000)
  region size 1024K, 6 young (6144K), 6 survivors (6144K)
 Metaspace       used 69388K, committed 70016K, reserved 1114112K
  class space    used 9548K, committed 9792K, reserved 1048576K
}
Event: 19.375 GC heap before
{Heap before GC invocations=27 (full 0):
 garbage-first heap   total 146432K, used 111035K [0x0000000080000000, 0x0000000100000000)
  region size 1024K, 31 young (31744K), 6 survivors (6144K)
 Metaspace       used 72872K, committed 73536K, reserved 1114112K
  class space    used 9953K, committed 10240K, reserved 1048576K
}
Event: 19.385 GC heap after
{Heap after GC invocations=28 (full 0):
 garbage-first heap   total 146432K, used 89267K [0x0000000080000000, 0x0000000100000000)
  region size 1024K, 3 young (3072K), 3 survivors (3072K)
 Metaspace       used 72872K, committed 73536K, reserved 1114112K
  class space    used 9953K, committed 10240K, reserved 1048576K
}
Event: 20.346 GC heap before
{Heap before GC invocations=29 (full 0):
 garbage-first heap   total 163840K, used 126131K [0x0000000080000000, 0x0000000100000000)
  region size 1024K, 33 young (33792K), 3 survivors (3072K)
 Metaspace       used 76528K, committed 77184K, reserved 1122304K
  class space    used 10324K, committed 10624K, reserved 1048576K
}
Event: 20.353 GC heap after
{Heap after GC invocations=30 (full 0):
 garbage-first heap   total 163840K, used 98226K [0x0000000080000000, 0x0000000100000000)
  region size 1024K, 5 young (5120K), 5 survivors (5120K)
 Metaspace       used 76528K, committed 77184K, reserved 1122304K
  class space    used 10324K, committed 10624K, reserved 1048576K
}
Event: 21.528 GC heap before
{Heap before GC invocations=30 (full 0):
 garbage-first heap   total 163840K, used 133042K [0x0000000080000000, 0x0000000100000000)
  region size 1024K, 39 young (39936K), 5 survivors (5120K)
 Metaspace       used 81578K, committed 82240K, reserved 1122304K
  class space    used 10854K, committed 11136K, reserved 1048576K
}
Event: 21.533 GC heap after
{Heap after GC invocations=31 (full 0):
 garbage-first heap   total 163840K, used 100177K [0x0000000080000000, 0x0000000100000000)
  region size 1024K, 2 young (2048K), 2 survivors (2048K)
 Metaspace       used 81578K, committed 82240K, reserved 1122304K
  class space    used 10854K, committed 11136K, reserved 1048576K
}
Event: 22.763 GC heap before
{Heap before GC invocations=32 (full 0):
 garbage-first heap   total 173056K, used 134993K [0x0000000080000000, 0x0000000100000000)
  region size 1024K, 36 young (36864K), 2 survivors (2048K)
 Metaspace       used 86454K, committed 87040K, reserved 1130496K
  class space    used 11474K, committed 11712K, reserved 1048576K
}
Event: 22.771 GC heap after
{Heap after GC invocations=33 (full 0):
 garbage-first heap   total 207872K, used 102388K [0x0000000080000000, 0x0000000100000000)
  region size 1024K, 5 young (5120K), 5 survivors (5120K)
 Metaspace       used 86454K, committed 87040K, reserved 1130496K
  class space    used 11474K, committed 11712K, reserved 1048576K
}
Event: 22.908 GC heap before
{Heap before GC invocations=33 (full 0):
 garbage-first heap   total 207872K, used 106484K [0x0000000080000000, 0x0000000100000000)
  region size 1024K, 10 young (10240K), 5 survivors (5120K)
 Metaspace       used 86885K, committed 87488K, reserved 1130496K
  class space    used 11520K, committed 11776K, reserved 1048576K
}
Event: 22.916 GC heap after
{Heap after GC invocations=34 (full 0):
 garbage-first heap   total 207872K, used 103199K [0x0000000080000000, 0x0000000100000000)
  region size 1024K, 5 young (5120K), 5 survivors (5120K)
 Metaspace       used 86885K, committed 87488K, reserved 1130496K
  class space    used 11520K, committed 11776K, reserved 1048576K
}
Event: 24.039 GC heap before
{Heap before GC invocations=35 (full 0):
 garbage-first heap   total 207872K, used 164639K [0x0000000080000000, 0x0000000100000000)
  region size 1024K, 64 young (65536K), 5 survivors (5120K)
 Metaspace       used 89293K, committed 89920K, reserved 1130496K
  class space    used 11782K, committed 12032K, reserved 1048576K
}
Event: 24.049 GC heap after
{Heap after GC invocations=36 (full 0):
 garbage-first heap   total 207872K, used 107437K [0x0000000080000000, 0x0000000100000000)
  region size 1024K, 8 young (8192K), 8 survivors (8192K)
 Metaspace       used 89293K, committed 89920K, reserved 1130496K
  class space    used 11782K, committed 12032K, reserved 1048576K
}
Event: 25.849 GC heap before
{Heap before GC invocations=36 (full 0):
 garbage-first heap   total 207872K, used 167853K [0x0000000080000000, 0x0000000100000000)
  region size 1024K, 67 young (68608K), 8 survivors (8192K)
 Metaspace       used 95314K, committed 95872K, reserved 1138688K
  class space    used 12438K, committed 12672K, reserved 1048576K
}
Event: 25.860 GC heap after
{Heap after GC invocations=37 (full 0):
 garbage-first heap   total 207872K, used 111490K [0x0000000080000000, 0x0000000100000000)
  region size 1024K, 9 young (9216K), 9 survivors (9216K)
 Metaspace       used 95314K, committed 95872K, reserved 1138688K
  class space    used 12438K, committed 12672K, reserved 1048576K
}
Event: 27.973 GC heap before
{Heap before GC invocations=38 (full 0):
 garbage-first heap   total 207872K, used 169858K [0x0000000080000000, 0x0000000100000000)
  region size 1024K, 66 young (67584K), 9 survivors (9216K)
 Metaspace       used 104531K, committed 105152K, reserved 1146880K
  class space    used 13541K, committed 13824K, reserved 1048576K
}
Event: 27.989 GC heap after
{Heap after GC invocations=39 (full 0):
 garbage-first heap   total 207872K, used 113350K [0x0000000080000000, 0x0000000100000000)
  region size 1024K, 7 young (7168K), 7 survivors (7168K)
 Metaspace       used 104531K, committed 105152K, reserved 1146880K
  class space    used 13541K, committed 13824K, reserved 1048576K
}
Event: 29.160 GC heap before
{Heap before GC invocations=39 (full 0):
 garbage-first heap   total 207872K, used 159430K [0x0000000080000000, 0x0000000100000000)
  region size 1024K, 53 young (54272K), 7 survivors (7168K)
 Metaspace       used 108634K, committed 109248K, reserved 1146880K
  class space    used 13998K, committed 14272K, reserved 1048576K
}
Event: 29.176 GC heap after
{Heap after GC invocations=40 (full 0):
 garbage-first heap   total 207872K, used 117034K [0x0000000080000000, 0x0000000100000000)
  region size 1024K, 6 young (6144K), 6 survivors (6144K)
 Metaspace       used 108634K, committed 109248K, reserved 1146880K
  class space    used 13998K, committed 14272K, reserved 1048576K
}

